Questionable use of curly braces in "(field (name "sim.pins") "1={k} 2=a")"
    Error: undefined symbol in: "[k]"
Questionable use of curly braces in "(property (name "sim.pins") (value "1={k} 2=a"))"
    Error: undefined symbol in: "[k]"
Questionable use of curly braces in "(field (name "sim.pins") "1={k} 2=a"))"
    Error: undefined symbol in: "[k]"
Questionable use of curly braces in "(pin (num "2") (name "~{reset}") (type "input"))"
    Error: undefined symbol in: "[reset]"
Questionable use of curly braces in "(pin (num "6") (name "~{cs}") (type "input"))"
    Error: undefined symbol in: "[cs]"
Questionable use of curly braces in "(pin (num "7") (name "gpio0/~{alarmin}") (type "bidirectional"))"
    Error: undefined symbol in: "[alarmin]"
Questionable use of curly braces in "(pin (num "8") (name "gpio1/~{alarmout}") (type "bidirectional"))"
    Error: undefined symbol in: "[alarmout]"
Questionable use of curly braces in "(pin (num "9") (name "gpio2/~{adctrig}") (type "bidirectional"))"
    Error: undefined symbol in: "[adctrig]"
Questionable use of curly braces in "(pin (num "10") (name "gpio3/~{dav}") (type "bidirectional"))"
    Error: undefined symbol in: "[dav]"
Questionable use of curly braces in "(node (ref "u1") (pin "2") (pinfunction "~{reset}") (pintype "input")))"
    Error: undefined symbol in: "[reset]"
Questionable use of curly braces in "(node (ref "u1") (pin "6") (pinfunction "~{cs}") (pintype "input")))"
    Error: undefined symbol in: "[cs]"
Questionable use of curly braces in "(node (ref "u1") (pin "7") (pinfunction "gpio0/~{alarmin}") (pintype "bidirectional")))"
    Error: undefined symbol in: "[alarmin]"
Questionable use of curly braces in "(node (ref "u1") (pin "8") (pinfunction "gpio1/~{alarmout}") (pintype "bidirectional")))"
    Error: undefined symbol in: "[alarmout]"
Questionable use of curly braces in "(node (ref "u1") (pin "9") (pinfunction "gpio2/~{adctrig}") (pintype "bidirectional")))"
    Error: undefined symbol in: "[adctrig]"
Questionable use of curly braces in "(node (ref "u1") (pin "10") (pinfunction "gpio3/~{dav}") (pintype "bidirectional")))"
    Error: undefined symbol in: "[dav]"
Circuit: (export (version "E")

Fatal Error: Unknown SPICE device type "(" in "(design"
